<?xml version="1.0" encoding="UTF-8" ?>
<testsuite tests="1" failures="1" name="TestParagonCalculator" time="0.002" errors="0" skipped="0">
  <properties>
[...]
</properties>
  <testcase classname="TestParagonCalculator" name="TestParagonCalculator.testcalculateParagon" time="0.002">
    <failure message="org/junit/Assert" type="java.lang.NoClassDefFoundError">java.lang.NoClassDefFoundError: org/junit/Assert
	at TestParagonCalculator.testcalculateParagon(TestParagonCalculator.java:26)
Caused by: java.lang.ClassNotFoundException: org.junit.Assert
	at java.net.URLClassLoader$1.run(Unknown Source)
	at java.net.URLClassLoader$1.run(Unknown Source)
	at java.security.AccessController.doPrivileged(Native Method)
	at java.net.URLClassLoader.findClass(Unknown Source)
	at java.lang.ClassLoader.loadClass(Unknown Source)
	at sun.misc.Launcher$AppClassLoader.loadClass(Unknown Source)
	at java.lang.ClassLoader.loadClass(Unknown Source)
	... 19 more
</failure>
  </testcase>
</testsuite>